<?xml version="1.0" encoding="UTF-8"?>
<!-- Generated by org.testng.reporters.JUnitReportReporter -->
<testsuite hostname="DESKTOP-C33Q231" failures="0" tests="8" name="day15.OrangeHRMTesr" time="10.634" errors="0" timestamp="2024-11-27T14:56:32 EST" skipped="0">
  <testcase classname="day15.OrangeHRMTesr" name="opnApp" time="2.167"/>
  <system-out/>
  <testcase classname="day15.OrangeHRMTesr" name="opnApp" time="3.874"/>
  <system-out/>
  <testcase classname="day15.OrangeHRMTesr" name="testLogo" time="0.298"/>
  <system-out/>
  <testcase classname="day15.OrangeHRMTesr" name="testLogo" time="0.279"/>
  <system-out/>
  <testcase classname="day15.OrangeHRMTesr" name="testLogin" time="0.282"/>
  <system-out/>
  <testcase classname="day15.OrangeHRMTesr" name="testLogin" time="0.930"/>
  <system-out/>
  <testcase classname="day15.OrangeHRMTesr" name="logOut" time="1.398"/>
  <system-out/>
  <testcase classname="day15.OrangeHRMTesr" name="logOut" time="1.406"/>
  <system-out/>
</testsuite> <!-- day15.OrangeHRMTesr -->
