<?xml version="1.0" encoding="UTF-8"?>
<!-- Generated by org.testng.reporters.JUnitReportReporter -->
<testsuite hostname="DESKTOP-C33Q231" failures="0" tests="3" name="day15.FirstClass" time="0.016" errors="0" timestamp="2024-09-07T23:35:23 EDT" skipped="0">
  <testcase classname="day15.FirstClass" name="opnApp" time="0.012"/>
  <system-out/>
  <testcase classname="day15.FirstClass" name="login" time="0.002"/>
  <system-out/>
  <testcase classname="day15.FirstClass" name="logOut" time="0.002"/>
  <system-out/>
</testsuite> <!-- day15.FirstClass -->
