<?xml version="1.0" encoding="UTF-8"?>
<!-- Generated by org.testng.reporters.JUnitReportReporter -->
<testsuite hostname="DESKTOP-C33Q231" failures="0" tests="1" name="day15.AssertionDemo" time="0.018" errors="0" timestamp="2024-09-16T19:10:29 EDT" skipped="0">
  <testcase classname="day15.AssertionDemo" name="testTitle" time="0.018"/>
  <system-out/>
</testsuite> <!-- day15.AssertionDemo -->
