<?xml version="1.0" encoding="UTF-8"?>
<!-- Generated by org.testng.reporters.JUnitReportReporter -->
<testsuite hostname="DESKTOP-C33Q231" failures="0" tests="9" name="day16.ParallelTest" time="0.202" errors="0" timestamp="2024-11-29T21:49:26 EST" skipped="0">
  <testcase classname="day16.ParallelTest" name="testLogo" time="0.063"/>
  <system-out/>
  <testcase classname="day16.ParallelTest" name="testLogo" time="0.032"/>
  <system-out/>
  <testcase classname="day16.ParallelTest" name="testLogo" time="0.045"/>
  <system-out/>
  <testcase classname="day16.ParallelTest" name="testTitle" time="0.014"/>
  <system-out/>
  <testcase classname="day16.ParallelTest" name="testTitle" time="0.010"/>
  <system-out/>
  <testcase classname="day16.ParallelTest" name="testTitle" time="0.005"/>
  <system-out/>
  <testcase classname="day16.ParallelTest" name="testURL" time="0.005"/>
  <system-out/>
  <testcase classname="day16.ParallelTest" name="testURL" time="0.012"/>
  <system-out/>
  <testcase classname="day16.ParallelTest" name="testURL" time="0.016"/>
  <system-out/>
</testsuite> <!-- day16.ParallelTest -->
