<?xml version="1.0" encoding="UTF-8"?>
<!-- Generated by org.testng.reporters.JUnitReportReporter -->
<testsuite hostname="DESKTOP-C33Q231" failures="0" tests="4" name="day15.OrangeHRMTesr" time="6.763" errors="0" timestamp="2024-09-07T23:35:23 EDT" skipped="0">
  <testcase classname="day15.OrangeHRMTesr" name="opnApp" time="3.959"/>
  <system-out/>
  <testcase classname="day15.OrangeHRMTesr" name="testLogo" time="0.399"/>
  <system-out/>
  <testcase classname="day15.OrangeHRMTesr" name="testLogin" time="1.164"/>
  <system-out/>
  <testcase classname="day15.OrangeHRMTesr" name="logOut" time="1.241"/>
  <system-out/>
</testsuite> <!-- day15.OrangeHRMTesr -->
