<?xml version="1.0" encoding="UTF-8"?>
<!-- Generated by org.testng.reporters.JUnitReportReporter -->
<testsuite hostname="DESKTOP-C33Q231" failures="0" tests="3" name="day16.SignupTest" time="0.027" errors="0" timestamp="2024-09-08T11:49:44 EDT" skipped="0">
  <testcase classname="day16.SignupTest" name="signupbyemail" time="0.022"/>
  <system-out/>
  <testcase classname="day16.SignupTest" name="signupbyfacebook" time="0.002"/>
  <system-out/>
  <testcase classname="day16.SignupTest" name="signupbytwitter" time="0.003"/>
  <system-out/>
</testsuite> <!-- day16.SignupTest -->
