<?xml version="1.0" encoding="UTF-8"?>
<!-- Generated by org.testng.reporters.JUnitReportReporter -->
<testsuite hostname="DESKTOP-C33Q231" failures="0" tests="2" name="day16.DataproviderDemo" time="0.017" errors="0" timestamp="2024-09-17T11:34:33 EDT" skipped="0">
  <testcase classname="day16.DataproviderDemo" name="testDataProvider" time="0.002"/>
  <system-out/>
  <testcase classname="day16.DataproviderDemo" name="testDataProvider" time="0.015"/>
  <system-out/>
</testsuite> <!-- day16.DataproviderDemo -->
