<?xml version="1.0" encoding="UTF-8"?>
<!-- Generated by org.testng.reporters.JUnitReportReporter -->
<testsuite hostname="DESKTOP-C33Q231" failures="0" tests="6" name="day15.FirstClass" time="0.007" errors="0" timestamp="2024-11-27T14:56:32 EST" skipped="0">
  <testcase classname="day15.FirstClass" name="opnApp" time="0.000"/>
  <system-out/>
  <testcase classname="day15.FirstClass" name="opnApp" time="0.002"/>
  <system-out/>
  <testcase classname="day15.FirstClass" name="login" time="0.002"/>
  <system-out/>
  <testcase classname="day15.FirstClass" name="login" time="0.001"/>
  <system-out/>
  <testcase classname="day15.FirstClass" name="logOut" time="0.001"/>
  <system-out/>
  <testcase classname="day15.FirstClass" name="logOut" time="0.001"/>
  <system-out/>
</testsuite> <!-- day15.FirstClass -->
