<?xml version="1.0" encoding="UTF-8"?>
<!-- Generated by org.testng.reporters.JUnitReportReporter -->
<testsuite hostname="DESKTOP-C33Q231" failures="0" tests="3" name="day16.LoginTest" time="0.021" errors="0" timestamp="2024-09-09T22:18:09 EDT" skipped="0">
  <testcase classname="day16.LoginTest" name="loginByEmail" time="0.017"/>
  <system-out/>
  <testcase classname="day16.LoginTest" name="loginByFacebook" time="0.002"/>
  <system-out/>
  <testcase classname="day16.LoginTest" name="loginByTwitter" time="0.002"/>
  <system-out/>
</testsuite> <!-- day16.LoginTest -->
