<?xml version="1.0" encoding="UTF-8"?>
<!-- Generated by org.testng.reporters.JUnitReportReporter -->
<testsuite hostname="DESKTOP-C33Q231" failures="0" tests="2" name="day16.PaymentTest" time="0.013" errors="0" timestamp="2024-09-17T12:04:07 EDT" skipped="0">
  <testcase classname="day16.PaymentTest" name="payinDollars" time="0.012"/>
  <system-out/>
  <testcase classname="day16.PaymentTest" name="payEuro" time="0.001"/>
  <system-out/>
</testsuite> <!-- day16.PaymentTest -->
