<?xml version="1.0" encoding="UTF-8"?>
<!-- Generated by org.testng.reporters.JUnitReportReporter -->
<testsuite hostname="DESKTOP-C33Q231" failures="0" tests="9" name="day16.ParallelTest" time="0.189" errors="0" timestamp="2024-09-21T22:13:28 EDT" skipped="0">
  <testcase classname="day16.ParallelTest" name="testLogo" time="0.052"/>
  <system-out/>
  <testcase classname="day16.ParallelTest" name="testLogo" time="0.041"/>
  <system-out/>
  <testcase classname="day16.ParallelTest" name="testLogo" time="0.041"/>
  <system-out/>
  <testcase classname="day16.ParallelTest" name="testTitle" time="0.012"/>
  <system-out/>
  <testcase classname="day16.ParallelTest" name="testTitle" time="0.012"/>
  <system-out/>
  <testcase classname="day16.ParallelTest" name="testTitle" time="0.006"/>
  <system-out/>
  <testcase classname="day16.ParallelTest" name="testURL" time="0.006"/>
  <system-out/>
  <testcase classname="day16.ParallelTest" name="testURL" time="0.010"/>
  <system-out/>
  <testcase classname="day16.ParallelTest" name="testURL" time="0.009"/>
  <system-out/>
</testsuite> <!-- day16.ParallelTest -->
