<?xml version="1.0" encoding="UTF-8"?>
<!-- Generated by org.testng.reporters.JUnitReportReporter -->
<testsuite hostname="DESKTOP-C33Q231" failures="0" tests="3" name="day15.AnnotationDemo2" time="0.005" errors="0" timestamp="2024-09-07T23:29:29 EDT" skipped="0">
  <testcase classname="day15.AnnotationDemo2" name="loginWithEmail" time="0.002"/>
  <system-out/>
  <testcase classname="day15.AnnotationDemo2" name="logWithTwitter" time="0.002"/>
  <system-out/>
  <testcase classname="day15.AnnotationDemo2" name="logWithPhoneNumber" time="0.001"/>
  <system-out/>
</testsuite> <!-- day15.AnnotationDemo2 -->
