<?xml version="1.0" encoding="UTF-8"?>
<!-- Generated by org.testng.reporters.JUnitReportReporter -->
<testsuite hostname="DESKTOP-C33Q231" failures="0" tests="4" name="day15.AnnotationDemo" time="0.017" errors="0" timestamp="2024-11-27T14:56:32 EST" skipped="0">
  <testcase classname="day15.AnnotationDemo" name="search" time="0.010"/>
  <system-out/>
  <testcase classname="day15.AnnotationDemo" name="search" time="0.002"/>
  <system-out/>
  <testcase classname="day15.AnnotationDemo" name="advSearch" time="0.002"/>
  <system-out/>
  <testcase classname="day15.AnnotationDemo" name="advSearch" time="0.003"/>
  <system-out/>
</testsuite> <!-- day15.AnnotationDemo -->
